utility-bins/smips -b simulator/procs/ControlHazardOnly/pcMsg_epoch_scoreboard.bsv \
  -c all --run

Building /home/ZY2006202/lab_template/Lab4/simulator/procs/ControlHazardOnly/pcMsg_epoch_scoreboard.bsv

Compiling /home/ZY2006202/lab_template/Lab4/programs/src/qsort
Running qsort on ControlHazardOnly/pcMsg_epoch_scoreboard.bsv
Cycles = 37760
Insts  = 21628
PASSED
SceMi Service thread finished!

Compiling /home/ZY2006202/lab_template/Lab4/programs/src/median
Running median on ControlHazardOnly/pcMsg_epoch_scoreboard.bsv
Cycles = 11570
Insts  = 6873
PASSED
SceMi Service thread finished!

Compiling /home/ZY2006202/lab_template/Lab4/programs/src/vvadd
Running vvadd on ControlHazardOnly/pcMsg_epoch_scoreboard.bsv
Cycles = 4232
Insts  = 3020
PASSED
SceMi Service thread finished!

Compiling /home/ZY2006202/lab_template/Lab4/programs/src/towers
Running towers on ControlHazardOnly/pcMsg_epoch_scoreboard.bsv
Cycles = 14558
Insts  = 9909
PASSED
SceMi Service thread finished!

Compiling /home/ZY2006202/lab_template/Lab4/programs/src/print
Running print on ControlHazardOnly/pcMsg_epoch_scoreboard.bsv
chello world
dhello world
25
Cycles = 660
Insts  = 369
PASSED
SceMi Service thread finished!

Compiling /home/ZY2006202/lab_template/Lab4/programs/src/assembly/smipsv1_addiu.S
Running assembly/smipsv1_addiu.S on ControlHazardOnly/pcMsg_epoch_scoreboard.bsv
PASSED
SceMi Service thread finished!

Compiling /home/ZY2006202/lab_template/Lab4/programs/src/assembly/smipsv1_bne.S
Running assembly/smipsv1_bne.S on ControlHazardOnly/pcMsg_epoch_scoreboard.bsv
PASSED
SceMi Service thread finished!

Compiling /home/ZY2006202/lab_template/Lab4/programs/src/assembly/smipsv1_lw.S
Running assembly/smipsv1_lw.S on ControlHazardOnly/pcMsg_epoch_scoreboard.bsv
PASSED
SceMi Service thread finished!

Compiling /home/ZY2006202/lab_template/Lab4/programs/src/assembly/smipsv1_simple.S
Running assembly/smipsv1_simple.S on ControlHazardOnly/pcMsg_epoch_scoreboard.bsv
PASSED
SceMi Service thread finished!

Compiling /home/ZY2006202/lab_template/Lab4/programs/src/assembly/smipsv1_sw.S
Running assembly/smipsv1_sw.S on ControlHazardOnly/pcMsg_epoch_scoreboard.bsv
PASSED
SceMi Service thread finished!

Compiling /home/ZY2006202/lab_template/Lab4/programs/src/assembly/smipsv2_addiu.S
Running assembly/smipsv2_addiu.S on ControlHazardOnly/pcMsg_epoch_scoreboard.bsv
PASSED
SceMi Service thread finished!

Compiling /home/ZY2006202/lab_template/Lab4/programs/src/assembly/smipsv2_addu.S
Running assembly/smipsv2_addu.S on ControlHazardOnly/pcMsg_epoch_scoreboard.bsv
PASSED
SceMi Service thread finished!

Compiling /home/ZY2006202/lab_template/Lab4/programs/src/assembly/smipsv2_andi.S
Running assembly/smipsv2_andi.S on ControlHazardOnly/pcMsg_epoch_scoreboard.bsv
PASSED
SceMi Service thread finished!

Compiling /home/ZY2006202/lab_template/Lab4/programs/src/assembly/smipsv2_and.S
Running assembly/smipsv2_and.S on ControlHazardOnly/pcMsg_epoch_scoreboard.bsv
PASSED
SceMi Service thread finished!

Compiling /home/ZY2006202/lab_template/Lab4/programs/src/assembly/smipsv2_beq.S
Running assembly/smipsv2_beq.S on ControlHazardOnly/pcMsg_epoch_scoreboard.bsv
PASSED
SceMi Service thread finished!

Compiling /home/ZY2006202/lab_template/Lab4/programs/src/assembly/smipsv2_bgez.S
Running assembly/smipsv2_bgez.S on ControlHazardOnly/pcMsg_epoch_scoreboard.bsv
PASSED
SceMi Service thread finished!

Compiling /home/ZY2006202/lab_template/Lab4/programs/src/assembly/smipsv2_bgtz.S
Running assembly/smipsv2_bgtz.S on ControlHazardOnly/pcMsg_epoch_scoreboard.bsv
PASSED
SceMi Service thread finished!

Compiling /home/ZY2006202/lab_template/Lab4/programs/src/assembly/smipsv2_blez.S
Running assembly/smipsv2_blez.S on ControlHazardOnly/pcMsg_epoch_scoreboard.bsv
PASSED
SceMi Service thread finished!

Compiling /home/ZY2006202/lab_template/Lab4/programs/src/assembly/smipsv2_bltz.S
Running assembly/smipsv2_bltz.S on ControlHazardOnly/pcMsg_epoch_scoreboard.bsv
PASSED
SceMi Service thread finished!

Compiling /home/ZY2006202/lab_template/Lab4/programs/src/assembly/smipsv2_bne.S
Running assembly/smipsv2_bne.S on ControlHazardOnly/pcMsg_epoch_scoreboard.bsv
PASSED
SceMi Service thread finished!

Compiling /home/ZY2006202/lab_template/Lab4/programs/src/assembly/smipsv2_jalr.S
Running assembly/smipsv2_jalr.S on ControlHazardOnly/pcMsg_epoch_scoreboard.bsv
PASSED
SceMi Service thread finished!

Compiling /home/ZY2006202/lab_template/Lab4/programs/src/assembly/smipsv2_jal.S
Running assembly/smipsv2_jal.S on ControlHazardOnly/pcMsg_epoch_scoreboard.bsv
PASSED
SceMi Service thread finished!

Compiling /home/ZY2006202/lab_template/Lab4/programs/src/assembly/smipsv2_jr.S
Running assembly/smipsv2_jr.S on ControlHazardOnly/pcMsg_epoch_scoreboard.bsv
PASSED
SceMi Service thread finished!

Compiling /home/ZY2006202/lab_template/Lab4/programs/src/assembly/smipsv2_j.S
Running assembly/smipsv2_j.S on ControlHazardOnly/pcMsg_epoch_scoreboard.bsv
PASSED
SceMi Service thread finished!

Compiling /home/ZY2006202/lab_template/Lab4/programs/src/assembly/smipsv2_lui.S
Running assembly/smipsv2_lui.S on ControlHazardOnly/pcMsg_epoch_scoreboard.bsv
PASSED
SceMi Service thread finished!

Compiling /home/ZY2006202/lab_template/Lab4/programs/src/assembly/smipsv2_lw.S
Running assembly/smipsv2_lw.S on ControlHazardOnly/pcMsg_epoch_scoreboard.bsv
PASSED
SceMi Service thread finished!

Compiling /home/ZY2006202/lab_template/Lab4/programs/src/assembly/smipsv2_nor.S
Running assembly/smipsv2_nor.S on ControlHazardOnly/pcMsg_epoch_scoreboard.bsv
PASSED
SceMi Service thread finished!

Compiling /home/ZY2006202/lab_template/Lab4/programs/src/assembly/smipsv2_ori.S
Running assembly/smipsv2_ori.S on ControlHazardOnly/pcMsg_epoch_scoreboard.bsv
PASSED
SceMi Service thread finished!

Compiling /home/ZY2006202/lab_template/Lab4/programs/src/assembly/smipsv2_or.S
Running assembly/smipsv2_or.S on ControlHazardOnly/pcMsg_epoch_scoreboard.bsv
PASSED
SceMi Service thread finished!

Compiling /home/ZY2006202/lab_template/Lab4/programs/src/assembly/smipsv2_simple.S
Running assembly/smipsv2_simple.S on ControlHazardOnly/pcMsg_epoch_scoreboard.bsv
PASSED
SceMi Service thread finished!

Compiling /home/ZY2006202/lab_template/Lab4/programs/src/assembly/smipsv2_sll.S
Running assembly/smipsv2_sll.S on ControlHazardOnly/pcMsg_epoch_scoreboard.bsv
PASSED
SceMi Service thread finished!

Compiling /home/ZY2006202/lab_template/Lab4/programs/src/assembly/smipsv2_sllv.S
Running assembly/smipsv2_sllv.S on ControlHazardOnly/pcMsg_epoch_scoreboard.bsv
PASSED
SceMi Service thread finished!

Compiling /home/ZY2006202/lab_template/Lab4/programs/src/assembly/smipsv2_slti.S
Running assembly/smipsv2_slti.S on ControlHazardOnly/pcMsg_epoch_scoreboard.bsv
PASSED
SceMi Service thread finished!

Compiling /home/ZY2006202/lab_template/Lab4/programs/src/assembly/smipsv2_sltiu.S
Running assembly/smipsv2_sltiu.S on ControlHazardOnly/pcMsg_epoch_scoreboard.bsv
PASSED
SceMi Service thread finished!

Compiling /home/ZY2006202/lab_template/Lab4/programs/src/assembly/smipsv2_slt.S
Running assembly/smipsv2_slt.S on ControlHazardOnly/pcMsg_epoch_scoreboard.bsv
PASSED
SceMi Service thread finished!

Compiling /home/ZY2006202/lab_template/Lab4/programs/src/assembly/smipsv2_sltu.S
Running assembly/smipsv2_sltu.S on ControlHazardOnly/pcMsg_epoch_scoreboard.bsv
PASSED
SceMi Service thread finished!

Compiling /home/ZY2006202/lab_template/Lab4/programs/src/assembly/smipsv2_sra.S
Running assembly/smipsv2_sra.S on ControlHazardOnly/pcMsg_epoch_scoreboard.bsv
PASSED
SceMi Service thread finished!

Compiling /home/ZY2006202/lab_template/Lab4/programs/src/assembly/smipsv2_srav.S
Running assembly/smipsv2_srav.S on ControlHazardOnly/pcMsg_epoch_scoreboard.bsv
PASSED
SceMi Service thread finished!

Compiling /home/ZY2006202/lab_template/Lab4/programs/src/assembly/smipsv2_srl.S
Running assembly/smipsv2_srl.S on ControlHazardOnly/pcMsg_epoch_scoreboard.bsv
PASSED
SceMi Service thread finished!

Compiling /home/ZY2006202/lab_template/Lab4/programs/src/assembly/smipsv2_srlv.S
Running assembly/smipsv2_srlv.S on ControlHazardOnly/pcMsg_epoch_scoreboard.bsv
PASSED
SceMi Service thread finished!

Compiling /home/ZY2006202/lab_template/Lab4/programs/src/assembly/smipsv2_subu.S
Running assembly/smipsv2_subu.S on ControlHazardOnly/pcMsg_epoch_scoreboard.bsv
PASSED
SceMi Service thread finished!

Compiling /home/ZY2006202/lab_template/Lab4/programs/src/assembly/smipsv2_sw.S
Running assembly/smipsv2_sw.S on ControlHazardOnly/pcMsg_epoch_scoreboard.bsv
PASSED
SceMi Service thread finished!

Compiling /home/ZY2006202/lab_template/Lab4/programs/src/assembly/smipsv2_xori.S
Running assembly/smipsv2_xori.S on ControlHazardOnly/pcMsg_epoch_scoreboard.bsv
PASSED
SceMi Service thread finished!

Compiling /home/ZY2006202/lab_template/Lab4/programs/src/assembly/smipsv2_xor.S
Running assembly/smipsv2_xor.S on ControlHazardOnly/pcMsg_epoch_scoreboard.bsv
PASSED
SceMi Service thread finished!

Compiling /home/ZY2006202/lab_template/Lab4/programs/src/multiply
Running multiply on ControlHazardOnly/pcMsg_epoch_scoreboard.bsv
Cycles = 34798
Insts  = 21100
PASSED
SceMi Service thread finished!

Compiling /home/ZY2006202/lab_template/Lab4/programs/src/filters
Running filters on ControlHazardOnly/pcMsg_epoch_scoreboard.bsv
called sharpen
exiting sharpen
called sharpen
exiting sharpen
called sharpen
exiting sharpen
called sharpen
exiting sharpen
called sharpen
exiting sharpen
called sharpen
exiting sharpen
Cycles = 1417182
Insts  = 867331
PASSED
SceMi Service thread finished!
